Jun.-03 21:02:40.916 [main] DEBUG nextflow.cli.Launcher - $> nextflow run main.nf --input_dir /Users/mattsdwatson/VIB_proj_3425/fastq --out_dir /Users/mattsdwatson/fastqc_output/ --star_out_dir /Users/mattsdwatson/fastqc_output/
Jun.-03 21:02:41.049 [main] INFO  nextflow.cli.CmdRun - N E X T F L O W  ~  version 21.04.1
Jun.-03 21:02:41.084 [main] INFO  nextflow.cli.CmdRun - Launching `main.nf` [elated_pasteur] - revision: 35e6d4854b
Jun.-03 21:02:41.225 [main] DEBUG nextflow.plugin.PluginsFacade - Setting up plugin manager > mode=prod; plugins-dir=/Users/mattsdwatson/.nextflow/plugins
Jun.-03 21:02:41.228 [main] DEBUG nextflow.plugin.PluginsFacade - Plugins default=[]
Jun.-03 21:02:41.232 [main] DEBUG nextflow.plugin.PluginsFacade - Plugins local root: .nextflow/plr/empty
Jun.-03 21:02:41.247 [main] INFO  org.pf4j.DefaultPluginStatusProvider - Enabled plugins: []
Jun.-03 21:02:41.249 [main] INFO  org.pf4j.DefaultPluginStatusProvider - Disabled plugins: []
Jun.-03 21:02:41.255 [main] INFO  org.pf4j.DefaultPluginManager - PF4J version 3.4.1 in 'deployment' mode
Jun.-03 21:02:41.273 [main] INFO  org.pf4j.AbstractPluginManager - No plugins
Jun.-03 21:02:41.370 [main] DEBUG nextflow.Session - Session uuid: f34979d0-6ac8-4f9e-82b5-6fae9ba78926
Jun.-03 21:02:41.370 [main] DEBUG nextflow.Session - Run name: elated_pasteur
Jun.-03 21:02:41.373 [main] DEBUG nextflow.Session - Executor pool size: 4
Jun.-03 21:02:41.621 [main] DEBUG nextflow.cli.CmdRun - 
  Version: 21.04.1 build 5556
  Created: 14-05-2021 15:20 UTC (11:20 EDT)
  System: Mac OS X 10.16
  Runtime: Groovy 3.0.7 on Java HotSpot(TM) 64-Bit Server VM 13.0.2+8
  Encoding: UTF-8 (UTF-8)
  Process: 11954@Matthews-MacBook-Pro.local [127.0.0.1]
  CPUs: 4 - Mem: 16 GB (11.9 GB) - Swap: 2 GB (1.3 GB)
Jun.-03 21:02:41.647 [main] DEBUG nextflow.Session - Work-dir: /Users/mattsdwatson/nextflow_rna/work [Mac OS X]
Jun.-03 21:02:41.647 [main] DEBUG nextflow.Session - Script base path does not exist or is not a directory: /Users/mattsdwatson/nextflow_rna/bin
Jun.-03 21:02:41.667 [main] DEBUG nextflow.executor.ExecutorFactory - Extension executors providers=[]
Jun.-03 21:02:41.689 [main] DEBUG nextflow.Session - Observer factory: DefaultObserverFactory
Jun.-03 21:02:41.876 [main] DEBUG nextflow.Session - Session start invoked
Jun.-03 21:02:42.917 [main] DEBUG nextflow.script.ScriptRunner - > Launching execution
Jun.-03 21:02:42.930 [main] DEBUG nextflow.Session - Workflow process names [dsl1]: fastqc, star_align
Jun.-03 21:02:42.985 [PathVisitor-1] DEBUG nextflow.file.PathVisitor - files for syntax: glob; folder: /Users/mattsdwatson/VIB_proj_3425/fastq/; pattern: *.fastq.gz; options: [:]
Jun.-03 21:02:43.158 [main] DEBUG nextflow.executor.ExecutorFactory - << taskConfig executor: null
Jun.-03 21:02:43.159 [main] DEBUG nextflow.executor.ExecutorFactory - >> processorType: 'local'
Jun.-03 21:02:43.168 [main] DEBUG nextflow.executor.Executor - [warm up] executor > local
Jun.-03 21:02:43.177 [main] DEBUG n.processor.LocalPollingMonitor - Creating local task monitor for executor 'local' > cpus=4; memory=16 GB; capacity=4; pollInterval=100ms; dumpInterval=5m
Jun.-03 21:02:43.332 [main] DEBUG nextflow.executor.ExecutorFactory - << taskConfig executor: null
Jun.-03 21:02:43.332 [main] DEBUG nextflow.executor.ExecutorFactory - >> processorType: 'local'
Jun.-03 21:02:43.337 [main] DEBUG nextflow.script.ScriptRunner - > Await termination 
Jun.-03 21:02:43.337 [main] DEBUG nextflow.Session - Session await
Jun.-03 21:02:43.677 [Task submitter] DEBUG nextflow.executor.LocalTaskHandler - Launch cmd line: /bin/bash -ue .command.run
Jun.-03 21:02:43.685 [Task submitter] INFO  nextflow.Session - [bb/0ca179] Submitted process > fastqc (3)
Jun.-03 21:02:43.696 [Task submitter] DEBUG nextflow.executor.LocalTaskHandler - Launch cmd line: /bin/bash -ue .command.run
Jun.-03 21:02:43.697 [Task submitter] INFO  nextflow.Session - [bb/e7bc9f] Submitted process > star_align (3)
Jun.-03 21:02:43.717 [Task submitter] DEBUG nextflow.executor.LocalTaskHandler - Launch cmd line: /bin/bash -ue .command.run
Jun.-03 21:02:43.718 [Task submitter] INFO  nextflow.Session - [c6/8154de] Submitted process > star_align (4)
Jun.-03 21:02:43.726 [Task submitter] DEBUG nextflow.executor.LocalTaskHandler - Launch cmd line: /bin/bash -ue .command.run
Jun.-03 21:02:43.727 [Task submitter] INFO  nextflow.Session - [6b/259130] Submitted process > star_align (1)
Jun.-03 21:03:41.245 [Task monitor] DEBUG n.processor.TaskPollingMonitor - Task completed > TaskHandler[id: 5; name: fastqc (3); status: COMPLETED; exit: 0; error: -; workDir: /Users/mattsdwatson/nextflow_rna/work/bb/0ca179bafe821d164c1878e4c82daa]
Jun.-03 21:03:41.330 [Task submitter] DEBUG nextflow.executor.LocalTaskHandler - Launch cmd line: /bin/bash -ue .command.run
Jun.-03 21:03:41.331 [Task submitter] INFO  nextflow.Session - [dc/adb085] Submitted process > fastqc (4)
Jun.-03 21:04:11.948 [Task monitor] DEBUG n.processor.TaskPollingMonitor - Task completed > TaskHandler[id: 7; name: fastqc (4); status: COMPLETED; exit: 0; error: -; workDir: /Users/mattsdwatson/nextflow_rna/work/dc/adb085707ed52cdbf3abfefc712950]
Jun.-03 21:04:11.982 [Task submitter] DEBUG nextflow.executor.LocalTaskHandler - Launch cmd line: /bin/bash -ue .command.run
Jun.-03 21:04:11.982 [Task submitter] INFO  nextflow.Session - [c2/61fdef] Submitted process > star_align (2)
Jun.-03 21:06:40.475 [Task monitor] DEBUG n.processor.TaskPollingMonitor - Task completed > TaskHandler[id: 8; name: star_align (4); status: COMPLETED; exit: 130; error: -; workDir: /Users/mattsdwatson/nextflow_rna/work/c6/8154dee625436d24763aee62b3e1ee]
Jun.-03 21:06:40.709 [Task submitter] DEBUG nextflow.executor.LocalTaskHandler - Launch cmd line: /bin/bash -ue .command.run
Jun.-03 21:06:40.715 [Task submitter] INFO  nextflow.Session - [e0/87fae3] Submitted process > fastqc (2)
Jun.-03 21:06:40.741 [SIGINT handler] DEBUG nextflow.Session - Session aborted -- Cause: SIGINT
Jun.-03 21:06:40.811 [Task monitor] DEBUG n.processor.TaskPollingMonitor - Task completed > TaskHandler[id: 2; name: star_align (1); status: COMPLETED; exit: 130; error: -; workDir: /Users/mattsdwatson/nextflow_rna/work/6b/2591306e0f7e6874cc3c4259e9d8ea]
Jun.-03 21:06:40.834 [Task monitor] DEBUG n.processor.TaskPollingMonitor - Task completed > TaskHandler[id: 3; name: star_align (2); status: COMPLETED; exit: 130; error: -; workDir: /Users/mattsdwatson/nextflow_rna/work/c2/61fdefa8092edecfd6052da02a5b2e]
Jun.-03 21:06:40.965 [main] DEBUG nextflow.Session - Session await > all process finished
Jun.-03 21:06:40.965 [main] DEBUG nextflow.Session - Session await > all barriers passed
Jun.-03 21:06:41.051 [main] WARN  n.processor.TaskPollingMonitor - Killing pending tasks (2)
Jun.-03 21:06:41.104 [main] DEBUG nextflow.executor.LocalTaskHandler - Unable to kill star_align (3) -- command: kill -TERM 11989; exit: 1 
 bash: line 0: kill: (11989) - No such process

Jun.-03 21:06:41.160 [main] DEBUG nextflow.trace.WorkflowStatsObserver - Workflow completed > WorkflowStats[succeededCount=2; failedCount=3; ignoredCount=0; cachedCount=0; pendingCount=23; submittedCount=1; runningCount=0; retriesCount=0; abortedCount=1; succeedDuration=1m 28s; failedDuration=10m 22s; cachedDuration=0ms;loadCpus=-1; loadMemory=0; peakRunning=4; peakCpus=4; peakMemory=0; ]
Jun.-03 21:06:41.236 [main] DEBUG nextflow.CacheDB - Closing CacheDB done
Jun.-03 21:06:41.308 [main] DEBUG nextflow.script.ScriptRunner - > Execution complete -- Goodbye
